Построение начато 21.06.2018 13:47:03.
     1>Проект "c:\documents and settings\sergg\мои документы\visual studio 2010\Projects\DZIgor(10)\DZIgor(10)\DZIgor(10).vcxproj" в узле 2 (целевые объекты build).
     1>InitializeBuildStatus:
         Создание "Debug\DZIgor(10).unsuccessfulbuild", так как было задано "AlwaysCreate".
       ClCompile:
         C:\Program Files\Microsoft Visual Studio 10.0\VC\bin\CL.exe /c /ZI /nologo /W3 /WX- /Od /Oy- /D _MBCS /Gm /EHsc /RTC1 /MDd /GS /fp:precise /Zc:wchar_t /Zc:forScope /Fo"Debug\\" /Fd"Debug\vc100.pdb" /Gd /TP /analyze- /errorReport:prompt "DZIgor(10).cpp"
         DZIgor(10).cpp
     1>c:\documents and settings\sergg\мои документы\visual studio 2010\projects\dzigor(10)\dzigor(10)\dzigor(10).cpp(7): warning C4244: аргумент: преобразование "time_t" в "unsigned int", возможна потеря данных
       Link:
         C:\Program Files\Microsoft Visual Studio 10.0\VC\bin\link.exe /ERRORREPORT:PROMPT /OUT:"c:\documents and settings\sergg\мои документы\visual studio 2010\Projects\DZIgor(10)\Debug\DZIgor(10).exe" /NOLOGO kernel32.lib user32.lib gdi32.lib winspool.lib comdlg32.lib advapi32.lib shell32.lib ole32.lib oleaut32.lib uuid.lib odbc32.lib odbccp32.lib /MANIFEST /ManifestFile:"Debug\DZIgor(10).exe.intermediate.manifest" /MANIFESTUAC:"level='asInvoker' uiAccess='false'" /DEBUG /PDB:"c:\documents and settings\sergg\мои документы\visual studio 2010\Projects\DZIgor(10)\Debug\DZIgor(10).pdb" /TLBID:1 /DYNAMICBASE /NXCOMPAT /IMPLIB:"c:\documents and settings\sergg\мои документы\visual studio 2010\Projects\DZIgor(10)\Debug\DZIgor(10).lib" /MACHINE:X86 "Debug\DZIgor(10).obj"
         LINK : не найден или не выполнена сборка c:\documents and settings\sergg\мои документы\visual studio 2010\Projects\DZIgor(10)\Debug\DZIgor(10).exe при последней инкрементной компоновке; выполняется полная компоновка
         DZIgor(10).vcxproj -> c:\documents and settings\sergg\мои документы\visual studio 2010\Projects\DZIgor(10)\Debug\DZIgor(10).exe
       Manifest:
         C:\Program Files\Microsoft SDKs\Windows\v7.0A\bin\mt.exe /nologo /verbose /outputresource:"c:\documents and settings\sergg\мои документы\visual studio 2010\Projects\DZIgor(10)\Debug\DZIgor(10).exe;#1" /manifest "Debug\DZIgor(10).exe.intermediate.manifest"
       FinalizeBuildStatus:
         Файл "Debug\DZIgor(10).unsuccessfulbuild" удаляется.
         Обращение к "Debug\DZIgor(10).lastbuildstate".
     1>Построение проекта "c:\documents and settings\sergg\мои документы\visual studio 2010\Projects\DZIgor(10)\DZIgor(10)\DZIgor(10).vcxproj" завершено (целевые объекты build).

Построение успешно завершено.

Затраченное время: 00:00:03.21
