Построение начато 27.10.2018 19:16:43.
     1>Проект "c:\documents and settings\sergg\мои документы\visual studio 2010\Projects\DZIgor(32)\DZIgor(32)\DZIgor(32).vcxproj" в узле 2 (целевые объекты build).
     1>InitializeBuildStatus:
         Создание "Debug\DZIgor(32).unsuccessfulbuild", так как было задано "AlwaysCreate".
       ClCompile:
         C:\Program Files\Microsoft Visual Studio 10.0\VC\bin\CL.exe /c /ZI /nologo /W3 /WX- /Od /Oy- /D _MBCS /Gm /EHsc /RTC1 /MDd /GS /fp:precise /Zc:wchar_t /Zc:forScope /Fo"Debug\\" /Fd"Debug\vc100.pdb" /Gd /TP /analyze- /errorReport:prompt "DZIgor(32).cpp"
         DZIgor(32).cpp
     1>c:\documents and settings\sergg\мои документы\visual studio 2010\projects\dzigor(32)\dzigor(32)\dzigor(32).cpp(28): warning C4244: аргумент: преобразование "time_t" в "unsigned int", возможна потеря данных
       Link:
         C:\Program Files\Microsoft Visual Studio 10.0\VC\bin\link.exe /ERRORREPORT:PROMPT /OUT:"c:\documents and settings\sergg\мои документы\visual studio 2010\Projects\DZIgor(32)\Debug\DZIgor(32).exe" /NOLOGO kernel32.lib user32.lib gdi32.lib winspool.lib comdlg32.lib advapi32.lib shell32.lib ole32.lib oleaut32.lib uuid.lib odbc32.lib odbccp32.lib /MANIFEST /ManifestFile:"Debug\DZIgor(32).exe.intermediate.manifest" /MANIFESTUAC:"level='asInvoker' uiAccess='false'" /DEBUG /PDB:"c:\documents and settings\sergg\мои документы\visual studio 2010\Projects\DZIgor(32)\Debug\DZIgor(32).pdb" /TLBID:1 /DYNAMICBASE /NXCOMPAT /IMPLIB:"c:\documents and settings\sergg\мои документы\visual studio 2010\Projects\DZIgor(32)\Debug\DZIgor(32).lib" /MACHINE:X86 "Debug\DZIgor(32).obj"
         LINK : не найден или не выполнена сборка c:\documents and settings\sergg\мои документы\visual studio 2010\Projects\DZIgor(32)\Debug\DZIgor(32).exe при последней инкрементной компоновке; выполняется полная компоновка
         DZIgor(32).vcxproj -> c:\documents and settings\sergg\мои документы\visual studio 2010\Projects\DZIgor(32)\Debug\DZIgor(32).exe
       Manifest:
         C:\Program Files\Microsoft SDKs\Windows\v7.0A\bin\mt.exe /nologo /verbose /outputresource:"c:\documents and settings\sergg\мои документы\visual studio 2010\Projects\DZIgor(32)\Debug\DZIgor(32).exe;#1" /manifest "Debug\DZIgor(32).exe.intermediate.manifest"
       FinalizeBuildStatus:
         Файл "Debug\DZIgor(32).unsuccessfulbuild" удаляется.
         Обращение к "Debug\DZIgor(32).lastbuildstate".
     1>Построение проекта "c:\documents and settings\sergg\мои документы\visual studio 2010\Projects\DZIgor(32)\DZIgor(32)\DZIgor(32).vcxproj" завершено (целевые объекты build).

Построение успешно завершено.

Затраченное время: 00:00:04.21
