Построение начато 31.05.2018 16:53:57.
     1>Проект "c:\documents and settings\sergg\мои документы\visual studio 2010\Projects\DzIgor(1)\DzIgor(1)\DzIgor(1).vcxproj" в узле 2 (целевые объекты build).
     1>InitializeBuildStatus:
         Создание "Debug\DzIgor(1).unsuccessfulbuild", так как было задано "AlwaysCreate".
       ClCompile:
         C:\Program Files\Microsoft Visual Studio 10.0\VC\bin\CL.exe /c /ZI /nologo /W3 /WX- /Od /Oy- /D WIN32 /D _DEBUG /D _CONSOLE /D _UNICODE /D UNICODE /Gm /EHsc /RTC1 /MDd /GS /fp:precise /Zc:wchar_t /Zc:forScope /Fo"Debug\\" /Fd"Debug\vc100.pdb" /Gd /TP /analyze- /errorReport:prompt "DZIgor(1).cpp"
         DZIgor(1).cpp
       ManifestResourceCompile:
         Для всех выходных данных обновления не требуется.
       Link:
         C:\Program Files\Microsoft Visual Studio 10.0\VC\bin\link.exe /ERRORREPORT:PROMPT /OUT:"c:\documents and settings\sergg\мои документы\visual studio 2010\Projects\DzIgor(1)\Debug\DzIgor(1).exe" /INCREMENTAL /NOLOGO kernel32.lib user32.lib gdi32.lib winspool.lib comdlg32.lib advapi32.lib shell32.lib ole32.lib oleaut32.lib uuid.lib odbc32.lib odbccp32.lib /MANIFEST /ManifestFile:"Debug\DzIgor(1).exe.intermediate.manifest" /MANIFESTUAC:"level='asInvoker' uiAccess='false'" /DEBUG /PDB:"c:\documents and settings\sergg\мои документы\visual studio 2010\Projects\DzIgor(1)\Debug\DzIgor(1).pdb" /SUBSYSTEM:CONSOLE /TLBID:1 /DYNAMICBASE /NXCOMPAT /IMPLIB:"c:\documents and settings\sergg\мои документы\visual studio 2010\Projects\DzIgor(1)\Debug\DzIgor(1).lib" /MACHINE:X86 "Debug\DzIgor(1).exe.embed.manifest.res"
         "Debug\DZIgor(1).obj"
       Manifest:
         C:\Program Files\Microsoft SDKs\Windows\v7.0A\bin\mt.exe /nologo /verbose /out:"Debug\DzIgor(1).exe.embed.manifest" /manifest "Debug\DzIgor(1).exe.intermediate.manifest"
         Для всех выходных данных обновления не требуется.
       LinkEmbedManifest:
         Для всех выходных данных обновления не требуется.
         DzIgor(1).vcxproj -> c:\documents and settings\sergg\мои документы\visual studio 2010\Projects\DzIgor(1)\Debug\DzIgor(1).exe
       FinalizeBuildStatus:
         Файл "Debug\DzIgor(1).unsuccessfulbuild" удаляется.
         Обращение к "Debug\DzIgor(1).lastbuildstate".
     1>Построение проекта "c:\documents and settings\sergg\мои документы\visual studio 2010\Projects\DzIgor(1)\DzIgor(1)\DzIgor(1).vcxproj" завершено (целевые объекты build).

Построение успешно завершено.

Затраченное время: 00:00:03.06
