Построение начато 08.06.2018 10:26:37.
     1>Проект "C:\Documents and Settings\sergg\мои документы\visual studio 2010\Projects\DIgor(5)\DIgor(5)\DIgor(5).vcxproj" в узле 2 (целевые объекты build).
     1>InitializeBuildStatus:
         Создание "Debug\DIgor(5).unsuccessfulbuild", так как было задано "AlwaysCreate".
       ClCompile:
         C:\Program Files\Microsoft Visual Studio 10.0\VC\bin\CL.exe /c /ZI /nologo /W3 /WX- /Od /Oy- /D _MBCS /Gm /EHsc /RTC1 /MDd /GS /fp:precise /Zc:wchar_t /Zc:forScope /Fo"Debug\\" /Fd"Debug\vc100.pdb" /Gd /TP /analyze- /errorReport:prompt "DZIgor(5).cpp"
         DZIgor(5).cpp
     1>c:\documents and settings\sergg\мои документы\visual studio 2010\projects\digor(5)\digor(5)\dzigor(5).cpp(103): warning C4305: инициализация: усечение из "double" к "const float"
     1>c:\documents and settings\sergg\мои документы\visual studio 2010\projects\digor(5)\digor(5)\dzigor(5).cpp(103): warning C4305: инициализация: усечение из "double" к "const float"
     1>c:\documents and settings\sergg\мои документы\visual studio 2010\projects\digor(5)\digor(5)\dzigor(5).cpp(103): warning C4305: инициализация: усечение из "double" к "const float"
       Link:
         C:\Program Files\Microsoft Visual Studio 10.0\VC\bin\link.exe /ERRORREPORT:PROMPT /OUT:"C:\Documents and Settings\sergg\мои документы\visual studio 2010\Projects\DIgor(5)\Debug\DIgor(5).exe" /NOLOGO kernel32.lib user32.lib gdi32.lib winspool.lib comdlg32.lib advapi32.lib shell32.lib ole32.lib oleaut32.lib uuid.lib odbc32.lib odbccp32.lib /MANIFEST /ManifestFile:"Debug\DIgor(5).exe.intermediate.manifest" /MANIFESTUAC:"level='asInvoker' uiAccess='false'" /DEBUG /PDB:"C:\Documents and Settings\sergg\мои документы\visual studio 2010\Projects\DIgor(5)\Debug\DIgor(5).pdb" /TLBID:1 /DYNAMICBASE /NXCOMPAT /IMPLIB:"C:\Documents and Settings\sergg\мои документы\visual studio 2010\Projects\DIgor(5)\Debug\DIgor(5).lib" /MACHINE:X86 "Debug\DZIgor(5).obj"
         LINK : не найден или не выполнена сборка C:\Documents and Settings\sergg\мои документы\visual studio 2010\Projects\DIgor(5)\Debug\DIgor(5).exe при последней инкрементной компоновке; выполняется полная компоновка
         DIgor(5).vcxproj -> C:\Documents and Settings\sergg\мои документы\visual studio 2010\Projects\DIgor(5)\Debug\DIgor(5).exe
       Manifest:
         C:\Program Files\Microsoft SDKs\Windows\v7.0A\bin\mt.exe /nologo /verbose /outputresource:"C:\Documents and Settings\sergg\мои документы\visual studio 2010\Projects\DIgor(5)\Debug\DIgor(5).exe;#1" /manifest "Debug\DIgor(5).exe.intermediate.manifest"
       FinalizeBuildStatus:
         Файл "Debug\DIgor(5).unsuccessfulbuild" удаляется.
         Обращение к "Debug\DIgor(5).lastbuildstate".
     1>Построение проекта "C:\Documents and Settings\sergg\мои документы\visual studio 2010\Projects\DIgor(5)\DIgor(5)\DIgor(5).vcxproj" завершено (целевые объекты build).

Построение успешно завершено.

Затраченное время: 00:00:03.29
