Построение начато 02.06.2018 12:24:58.
     1>Проект "c:\documents and settings\sergg\мои документы\visual studio 2010\Projects\DZIgor(3)\DZIgor(3)\DZIgor(3).vcxproj" в узле 2 (целевые объекты build).
     1>InitializeBuildStatus:
         Создание "Debug\DZIgor(3).unsuccessfulbuild", так как было задано "AlwaysCreate".
       ClCompile:
         C:\Program Files\Microsoft Visual Studio 10.0\VC\bin\CL.exe /c /ZI /nologo /W3 /WX- /Od /Oy- /D _MBCS /Gm /EHsc /RTC1 /MDd /GS /fp:precise /Zc:wchar_t /Zc:forScope /Fo"Debug\\" /Fd"Debug\vc100.pdb" /Gd /TP /analyze- /errorReport:prompt "DZIgor(3).cpp"
         DZIgor(3).cpp
     1>c:\documents and settings\sergg\мои документы\visual studio 2010\projects\dzigor(3)\dzigor(3)\dzigor(3).cpp(56): warning C4244: -=: преобразование "double" в "float", возможна потеря данных
     1>c:\documents and settings\sergg\мои документы\visual studio 2010\projects\dzigor(3)\dzigor(3)\dzigor(3).cpp(58): warning C4244: -=: преобразование "double" в "float", возможна потеря данных
     1>c:\documents and settings\sergg\мои документы\visual studio 2010\projects\dzigor(3)\dzigor(3)\dzigor(3).cpp(52): warning C4101: sum: неиспользованная локальная переменная
       Link:
         C:\Program Files\Microsoft Visual Studio 10.0\VC\bin\link.exe /ERRORREPORT:PROMPT /OUT:"c:\documents and settings\sergg\мои документы\visual studio 2010\Projects\DZIgor(3)\Debug\DZIgor(3).exe" /NOLOGO kernel32.lib user32.lib gdi32.lib winspool.lib comdlg32.lib advapi32.lib shell32.lib ole32.lib oleaut32.lib uuid.lib odbc32.lib odbccp32.lib /MANIFEST /ManifestFile:"Debug\DZIgor(3).exe.intermediate.manifest" /MANIFESTUAC:"level='asInvoker' uiAccess='false'" /DEBUG /PDB:"c:\documents and settings\sergg\мои документы\visual studio 2010\Projects\DZIgor(3)\Debug\DZIgor(3).pdb" /TLBID:1 /DYNAMICBASE /NXCOMPAT /IMPLIB:"c:\documents and settings\sergg\мои документы\visual studio 2010\Projects\DZIgor(3)\Debug\DZIgor(3).lib" /MACHINE:X86 "Debug\DZIgor(3).obj"
         LINK : не найден или не выполнена сборка c:\documents and settings\sergg\мои документы\visual studio 2010\Projects\DZIgor(3)\Debug\DZIgor(3).exe при последней инкрементной компоновке; выполняется полная компоновка
         DZIgor(3).vcxproj -> c:\documents and settings\sergg\мои документы\visual studio 2010\Projects\DZIgor(3)\Debug\DZIgor(3).exe
       Manifest:
         C:\Program Files\Microsoft SDKs\Windows\v7.0A\bin\mt.exe /nologo /verbose /outputresource:"c:\documents and settings\sergg\мои документы\visual studio 2010\Projects\DZIgor(3)\Debug\DZIgor(3).exe;#1" /manifest "Debug\DZIgor(3).exe.intermediate.manifest"
       FinalizeBuildStatus:
         Файл "Debug\DZIgor(3).unsuccessfulbuild" удаляется.
         Обращение к "Debug\DZIgor(3).lastbuildstate".
     1>Построение проекта "c:\documents and settings\sergg\мои документы\visual studio 2010\Projects\DZIgor(3)\DZIgor(3)\DZIgor(3).vcxproj" завершено (целевые объекты build).

Построение успешно завершено.

Затраченное время: 00:00:03.28
